This file contains any messages produced by compilers while
running configure, to aid debugging if configure makes a mistake.

It was created by ns-genesis-SLI configure network-2, which was
generated by GNU Autoconf 2.59.  Invocation command line was

  $ ./configure CFLAGS=-ggdb --no-create --no-recursion

## --------- ##
## Platform. ##
## --------- ##

hostname = UbuntuParallels
uname -m = i686
uname -r = 2.6.15-51-386
uname -s = Linux
uname -v = #1 PREEMPT Tue Feb 12 16:52:52 UTC 2008

/usr/bin/uname -p = unknown
/bin/uname -X     = unknown

/bin/arch              = i686
/usr/bin/arch -k       = unknown
/usr/convex/getsysinfo = unknown
hostinfo               = unknown
/bin/machine           = unknown
/usr/bin/oslevel       = unknown
/bin/universe          = unknown

PATH: /usr/local/sbin
PATH: /usr/local/bin
PATH: /usr/sbin
PATH: /usr/bin
PATH: /sbin
PATH: /bin
PATH: /usr/bin/X11
PATH: /usr/games


## ----------- ##
## Core tests. ##
## ----------- ##

configure:1325: checking for a BSD-compatible install
configure:1380: result: /usr/bin/install -c
configure:1391: checking whether build environment is sane
configure:1434: result: yes
configure:1499: checking for gawk
configure:1528: result: no
configure:1499: checking for mawk
configure:1515: found /usr/bin/mawk
configure:1525: result: mawk
configure:1535: checking whether make sets $(MAKE)
configure:1555: result: yes
configure:1771: checking for gcc
configure:1787: found /usr/bin/gcc
configure:1797: result: gcc
configure:2041: checking for C compiler version
configure:2044: gcc --version </dev/null >&5
gcc (GCC) 4.0.3 (Ubuntu 4.0.3-1ubuntu5)
Copyright (C) 2006 Free Software Foundation, Inc.
This is free software; see the source for copying conditions.  There is NO
warranty; not even for MERCHANTABILITY or FITNESS FOR A PARTICULAR PURPOSE.

configure:2047: $? = 0
configure:2049: gcc -v </dev/null >&5
Using built-in specs.
Target: i486-linux-gnu
Configured with: ../src/configure -v --enable-languages=c,c++,java,f95,objc,ada,treelang --prefix=/usr --enable-shared --with-system-zlib --libexecdir=/usr/lib --without-included-gettext --enable-threads=posix --enable-nls --program-suffix=-4.0 --enable-__cxa_atexit --enable-clocale=gnu --enable-libstdcxx-debug --enable-java-awt=gtk-default --enable-gtk-cairo --with-java-home=/usr/lib/jvm/java-1.4.2-gcj-4.0-1.4.2.0/jre --enable-mpfr --disable-werror --with-tune=pentium4 --enable-checking=release i486-linux-gnu
Thread model: posix
gcc version 4.0.3 (Ubuntu 4.0.3-1ubuntu5)
configure:2052: $? = 0
configure:2054: gcc -V </dev/null >&5
gcc: '-V' option must have argument
configure:2057: $? = 1
configure:2080: checking for C compiler default output file name
configure:2083: gcc -ggdb   conftest.c  >&5
configure:2086: $? = 0
configure:2132: result: a.out
configure:2137: checking whether the C compiler works
configure:2143: ./a.out
configure:2146: $? = 0
configure:2163: result: yes
configure:2170: checking whether we are cross compiling
configure:2172: result: no
configure:2175: checking for suffix of executables
configure:2177: gcc -o conftest -ggdb   conftest.c  >&5
configure:2180: $? = 0
configure:2205: result: 
configure:2211: checking for suffix of object files
configure:2232: gcc -c -ggdb  conftest.c >&5
configure:2235: $? = 0
configure:2257: result: o
configure:2261: checking whether we are using the GNU C compiler
configure:2285: gcc -c -ggdb  conftest.c >&5
configure:2291: $? = 0
configure:2294: test -z 			 || test ! -s conftest.err
configure:2297: $? = 0
configure:2300: test -s conftest.o
configure:2303: $? = 0
configure:2316: result: yes
configure:2322: checking whether gcc accepts -g
configure:2343: gcc -c -g  conftest.c >&5
configure:2349: $? = 0
configure:2352: test -z 			 || test ! -s conftest.err
configure:2355: $? = 0
configure:2358: test -s conftest.o
configure:2361: $? = 0
configure:2372: result: yes
configure:2389: checking for gcc option to accept ANSI C
configure:2459: gcc  -c -ggdb  conftest.c >&5
configure:2465: $? = 0
configure:2468: test -z 			 || test ! -s conftest.err
configure:2471: $? = 0
configure:2474: test -s conftest.o
configure:2477: $? = 0
configure:2495: result: none needed
configure:2513: gcc -c -ggdb  conftest.c >&5
conftest.c:2: error: syntax error before 'me'
configure:2519: $? = 1
configure: failed program was:
| #ifndef __cplusplus
|   choke me
| #endif
configure:2660: checking for style of include used by make
configure:2688: result: GNU
configure:2716: checking dependency style of gcc
configure:2806: result: gcc3
configure:2827: checking for bison
configure:2843: found /usr/bin/bison
configure:2853: result: bison -y
configure:2869: checking for flex
configure:2885: found /usr/bin/flex
configure:2895: result: flex
configure:2908: checking for yywrap in -lfl
configure:2938: gcc -o conftest -ggdb   conftest.c -lfl   >&5
configure:2944: $? = 0
configure:2947: test -z 			 || test ! -s conftest.err
configure:2950: $? = 0
configure:2953: test -s conftest
configure:2956: $? = 0
configure:2969: result: yes
configure:3046: checking lex output file root
configure:3057: flex conftest.l
configure:3060: $? = 0
configure:3072: result: lex.yy
configure:3077: checking whether yytext is a pointer
configure:3093: gcc -o conftest -ggdb   conftest.c  -lfl >&5
configure:3099: $? = 0
configure:3102: test -z 			 || test ! -s conftest.err
configure:3105: $? = 0
configure:3108: test -s conftest
configure:3111: $? = 0
configure:3125: result: yes
configure:3177: checking for ranlib
configure:3193: found /usr/bin/ranlib
configure:3204: result: ranlib
configure:3221: checking how to run the C preprocessor
configure:3256: gcc -E  conftest.c
configure:3262: $? = 0
configure:3294: gcc -E  conftest.c
conftest.c:12:28: error: ac_nonexistent.h: No such file or directory
configure:3300: $? = 1
configure: failed program was:
| /* confdefs.h.  */
| 
| #define PACKAGE_NAME "ns-genesis-SLI"
| #define PACKAGE_TARNAME "ns-genesis-sli"
| #define PACKAGE_VERSION "network-2"
| #define PACKAGE_STRING "ns-genesis-SLI network-2"
| #define PACKAGE_BUGREPORT "hugo.cornelis@gmail.com"
| #define PACKAGE "ns-genesis-SLI"
| #define VERSION "network-2"
| #define YYTEXT_POINTER 1
| /* end confdefs.h.  */
| #include <ac_nonexistent.h>
configure:3339: result: gcc -E
configure:3363: gcc -E  conftest.c
configure:3369: $? = 0
configure:3401: gcc -E  conftest.c
conftest.c:12:28: error: ac_nonexistent.h: No such file or directory
configure:3407: $? = 1
configure: failed program was:
| /* confdefs.h.  */
| 
| #define PACKAGE_NAME "ns-genesis-SLI"
| #define PACKAGE_TARNAME "ns-genesis-sli"
| #define PACKAGE_VERSION "network-2"
| #define PACKAGE_STRING "ns-genesis-SLI network-2"
| #define PACKAGE_BUGREPORT "hugo.cornelis@gmail.com"
| #define PACKAGE "ns-genesis-SLI"
| #define VERSION "network-2"
| #define YYTEXT_POINTER 1
| /* end confdefs.h.  */
| #include <ac_nonexistent.h>
configure:3564: creating ./config.status

## ---------------- ##
## Cache variables. ##
## ---------------- ##

ac_cv_c_compiler_gnu=yes
ac_cv_env_CC_set=
ac_cv_env_CC_value=
ac_cv_env_CFLAGS_set=set
ac_cv_env_CFLAGS_value=-ggdb
ac_cv_env_CPPFLAGS_set=
ac_cv_env_CPPFLAGS_value=
ac_cv_env_CPP_set=
ac_cv_env_CPP_value=
ac_cv_env_LDFLAGS_set=
ac_cv_env_LDFLAGS_value=
ac_cv_env_build_alias_set=
ac_cv_env_build_alias_value=
ac_cv_env_host_alias_set=
ac_cv_env_host_alias_value=
ac_cv_env_target_alias_set=
ac_cv_env_target_alias_value=
ac_cv_exeext=
ac_cv_lib_fl_yywrap=yes
ac_cv_objext=o
ac_cv_path_install='/usr/bin/install -c'
ac_cv_prog_AWK=mawk
ac_cv_prog_CPP='gcc -E'
ac_cv_prog_LEX=flex
ac_cv_prog_YACC='bison -y'
ac_cv_prog_ac_ct_CC=gcc
ac_cv_prog_ac_ct_RANLIB=ranlib
ac_cv_prog_cc_g=yes
ac_cv_prog_cc_stdc=
ac_cv_prog_lex_root=lex.yy
ac_cv_prog_lex_yytext_pointer=yes
ac_cv_prog_make_make_set=yes
am_cv_CC_dependencies_compiler_type=gcc3

## ----------------- ##
## Output variables. ##
## ----------------- ##

ACLOCAL='${SHELL} /home/mando/neurospaces_project/ns-genesis-SLI/missing --run aclocal-1.9'
AMDEPBACKSLASH='\'
AMDEP_FALSE='#'
AMDEP_TRUE=''
AMTAR='${SHELL} /home/mando/neurospaces_project/ns-genesis-SLI/missing --run tar'
AUTOCONF='${SHELL} /home/mando/neurospaces_project/ns-genesis-SLI/missing --run autoconf'
AUTOHEADER='${SHELL} /home/mando/neurospaces_project/ns-genesis-SLI/missing --run autoheader'
AUTOMAKE='${SHELL} /home/mando/neurospaces_project/ns-genesis-SLI/missing --run automake-1.9'
AWK='mawk'
CC='gcc'
CCDEPMODE='depmode=gcc3'
CFLAGS='-ggdb'
CPP='gcc -E'
CPPFLAGS=''
CYGPATH_W='echo'
DEFS='-DHAVE_CONFIG_H'
DEPDIR='.deps'
ECHO_C=''
ECHO_N='-n'
ECHO_T=''
EXEEXT=''
INSTALL_DATA='${INSTALL} -m 644'
INSTALL_PROGRAM='${INSTALL}'
INSTALL_SCRIPT='${INSTALL}'
INSTALL_STRIP_PROGRAM='${SHELL} $(install_sh) -c -s'
LDFLAGS=''
LEX='flex'
LEXLIB='-lfl'
LEX_OUTPUT_ROOT='lex.yy'
LIBOBJS=''
LIBS=''
LTLIBOBJS=''
MAKEINFO='${SHELL} /home/mando/neurospaces_project/ns-genesis-SLI/missing --run makeinfo'
OBJEXT='o'
PACKAGE='ns-genesis-SLI'
PACKAGE_BUGREPORT='hugo.cornelis@gmail.com'
PACKAGE_NAME='ns-genesis-SLI'
PACKAGE_STRING='ns-genesis-SLI network-2'
PACKAGE_TARNAME='ns-genesis-sli'
PACKAGE_VERSION='network-2'
PATH_SEPARATOR=':'
RANLIB='ranlib'
SET_MAKE=''
SHELL='/bin/sh'
STRIP=''
VERSION='network-2'
YACC='bison -y'
ac_ct_CC='gcc'
ac_ct_RANLIB='ranlib'
ac_ct_STRIP=''
am__fastdepCC_FALSE='#'
am__fastdepCC_TRUE=''
am__include='include'
am__leading_dot='.'
am__quote=''
am__tar='${AMTAR} chof - "$$tardir"'
am__untar='${AMTAR} xf -'
bindir='${exec_prefix}/bin'
build_alias=''
datadir='${prefix}/share'
exec_prefix='${prefix}'
host_alias=''
includedir='${prefix}/include'
infodir='${prefix}/info'
install_sh='/home/mando/neurospaces_project/ns-genesis-SLI/install-sh'
libdir='${exec_prefix}/lib'
libexecdir='${exec_prefix}/libexec'
localstatedir='${prefix}/var'
mandir='${prefix}/man'
mkdir_p='mkdir -p --'
oldincludedir='/usr/include'
prefix='/usr/local'
program_transform_name='s,x,x,'
sbindir='${exec_prefix}/sbin'
sharedstatedir='${prefix}/com'
sysconfdir='${prefix}/etc'
target_alias=''

## ----------- ##
## confdefs.h. ##
## ----------- ##

#define PACKAGE "ns-genesis-SLI"
#define PACKAGE_BUGREPORT "hugo.cornelis@gmail.com"
#define PACKAGE_NAME "ns-genesis-SLI"
#define PACKAGE_STRING "ns-genesis-SLI network-2"
#define PACKAGE_TARNAME "ns-genesis-sli"
#define PACKAGE_VERSION "network-2"
#define VERSION "network-2"
#define YYTEXT_POINTER 1

configure: exit 0

## ---------------------- ##
## Running config.status. ##
## ---------------------- ##

This file was extended by ns-genesis-SLI config.status network-2, which was
generated by GNU Autoconf 2.59.  Invocation command line was

  CONFIG_FILES    = 
  CONFIG_HEADERS  = 
  CONFIG_LINKS    = 
  CONFIG_COMMANDS = 
  $ ./config.status 

on UbuntuParallels

config.status:742: creating Makefile
config.status:742: creating src/Makefile
config.status:742: creating src/util/Makefile
config.status:742: creating src/c2genesis/Makefile
config.status:742: creating src/script/Makefile
config.status:742: creating src/shell/Makefile
config.status:742: creating src/neurospaces/Makefile
config.status:742: creating src/par/Makefile
config.status:742: creating src/sim/Makefile
config.status:742: creating src/olf/Makefile
config.status:808: creating src/config.h
config.status:1076: executing depfiles commands

## ---------------------- ##
## Running config.status. ##
## ---------------------- ##

This file was extended by ns-genesis-SLI config.status network-2, which was
generated by GNU Autoconf 2.59.  Invocation command line was

  CONFIG_FILES    = 
  CONFIG_HEADERS  = 
  CONFIG_LINKS    = 
  CONFIG_COMMANDS = 
  $ ./config.status src/config.h

on UbuntuParallels

config.status:808: creating src/config.h
config.status:896: src/config.h is unchanged

## ---------------------- ##
## Running config.status. ##
## ---------------------- ##

This file was extended by ns-genesis-SLI config.status network-2, which was
generated by GNU Autoconf 2.59.  Invocation command line was

  CONFIG_FILES    = 
  CONFIG_HEADERS  = 
  CONFIG_LINKS    = 
  CONFIG_COMMANDS = 
  $ ./config.status src/olf/Makefile depfiles

on UbuntuParallels

config.status:742: creating src/olf/Makefile
config.status:1076: executing depfiles commands

## ---------------------- ##
## Running config.status. ##
## ---------------------- ##

This file was extended by ns-genesis-SLI config.status network-2, which was
generated by GNU Autoconf 2.59.  Invocation command line was

  CONFIG_FILES    = 
  CONFIG_HEADERS  = 
  CONFIG_LINKS    = 
  CONFIG_COMMANDS = 
  $ ./config.status src/olf/Makefile depfiles

on UbuntuParallels

config.status:742: creating src/olf/Makefile
config.status:1076: executing depfiles commands
